<?xml version="1.0" encoding="UTF-8"?>
<testng-results skipped="0" failed="0" ignored="0" total="1" passed="1">
  <reporter-output>
  </reporter-output>
  <suite name="Default suite" duration-ms="80" started-at="2022-03-16T04:13:05Z" finished-at="2022-03-16T04:13:05Z">
    <groups>
    </groups>
    <test name="Default test" duration-ms="80" started-at="2022-03-16T04:13:05Z" finished-at="2022-03-16T04:13:05Z">
      <class name="ProductsTest.Demo">
        <test-method status="PASS" signature="demo()[pri:0, instance:ProductsTest.Demo@cb644e]" name="demo" duration-ms="21" started-at="2022-03-16T04:13:05Z" finished-at="2022-03-16T04:13:05Z">
          <reporter-output>
          </reporter-output>
        </test-method> <!-- demo -->
      </class> <!-- ProductsTest.Demo -->
    </test> <!-- Default test -->
  </suite> <!-- Default suite -->
</testng-results>
